{
  "uid" : "25ba351c78542e31",
  "name" : "test_estimate_bridge_native_to_not_native[Arbitrum One (ETH)]",
  "fullName" : "tests.api_tests.tests_de_bridge#test_estimate_bridge_native_to_not_native",
  "historyId" : "2dd72e7a2d00b1c265d292216f2982a4",
  "time" : {
    "start" : 1685619198678,
    "stop" : 1685619204023,
    "duration" : 5345
  },
  "status" : "passed",
  "flaky" : false,
  "newFailed" : false,
  "beforeStages" : [ ],
  "testStage" : {
    "status" : "passed",
    "steps" : [ ],
    "attachments" : [ {
      "uid" : "f551ede53d2ed8e9",
      "name" : "log",
      "source" : "f551ede53d2ed8e9.txt",
      "type" : "text/plain",
      "size" : 455
    } ],
    "parameters" : [ ],
    "stepsCount" : 0,
    "attachmentsCount" : 1,
    "shouldDisplayMessage" : false,
    "hasContent" : true
  },
  "afterStages" : [ ],
  "labels" : [ {
    "name" : "parentSuite",
    "value" : "tests.api_tests"
  }, {
    "name" : "suite",
    "value" : "tests_de_bridge"
  }, {
    "name" : "host",
    "value" : "MacBook-Air-Anna.local"
  }, {
    "name" : "thread",
    "value" : "18938-MainThread"
  }, {
    "name" : "framework",
    "value" : "pytest"
  }, {
    "name" : "language",
    "value" : "cpython3"
  }, {
    "name" : "package",
    "value" : "tests.api_tests.tests_de_bridge"
  }, {
    "name" : "resultFormat",
    "value" : "allure2"
  } ],
  "parameters" : [ {
    "name" : "network",
    "value" : "'Arbitrum One (ETH)'"
  } ],
  "links" : [ ],
  "hidden" : false,
  "retry" : false,
  "extra" : {
    "severity" : "normal",
    "retries" : [ {
      "uid" : "28a139659fb752d8",
      "status" : "failed",
      "statusDetails" : "AssertionError: Ожидался status = 200, пришел status = 400. Тело ответа: \n{\"ok\":false,\"data\":null,\"error\":\"0xeeeeeeeeeeeeeeeeeeeeeeeeeeeeeeeeeeeeeeee is incorrect token address(srcChainTokenIn)\"}.",
      "time" : {
        "start" : 1685615495604,
        "stop" : 1685615496109,
        "duration" : 505
      }
    }, {
      "uid" : "3443ea79169a2b09",
      "status" : "failed",
      "statusDetails" : "AssertionError: Ожидался status = 200, пришел status = 400. Тело ответа: \n{\"ok\":false,\"data\":null,\"error\":\"Request failed with status code 400\"}.",
      "time" : {
        "start" : 1685610393377,
        "stop" : 1685610393879,
        "duration" : 502
      }
    } ],
    "categories" : [ ],
    "tags" : [ ]
  },
  "source" : "25ba351c78542e31.json",
  "parameterValues" : [ "'Arbitrum One (ETH)'" ]
}